[2019-12-15T19:48:29.866] [DEBUG] cheese - login => username:zs,password:123456
[2019-12-15T19:48:29.869] [DEBUG] cheese - zs
[2019-12-15T19:48:29.898] [DEBUG] cheese - null
[2019-12-15T19:48:29.900] [DEBUG] cheese - null
[2019-12-15T19:48:45.309] [DEBUG] cheese - login => username:admin,password:123456
[2019-12-15T19:48:45.309] [DEBUG] cheese - admin
[2019-12-15T19:48:45.324] [DEBUG] cheese - null
[2019-12-15T19:48:45.325] [DEBUG] cheese - null
[2019-12-16T01:02:16.006] [DEBUG] cheese - login => username:admin,password:123456
[2019-12-16T01:02:16.007] [DEBUG] cheese - admin
[2019-12-16T01:02:16.089] [DEBUG] cheese - null
[2019-12-16T01:02:16.089] [DEBUG] cheese - null
[2019-12-16T01:05:10.854] [DEBUG] cheese - login => username:yyyyyyyy,password:yyyyyyy
[2019-12-16T01:05:10.854] [DEBUG] cheese - yyyyyyyy
[2019-12-16T01:05:10.859] [DEBUG] cheese - null
[2019-12-16T01:05:10.859] [DEBUG] cheese - null
[2019-12-16T01:11:53.726] [DEBUG] cheese - login => username:rrrrrr,password:rrrrrrr
[2019-12-16T01:11:53.726] [DEBUG] cheese - rrrrrr
[2019-12-16T01:11:53.731] [DEBUG] cheese - null
[2019-12-16T01:11:53.731] [DEBUG] cheese - null
[2019-12-16T01:17:47.028] [DEBUG] cheese - login => username:yyuyy,password:yyyyyy
[2019-12-16T01:17:47.028] [DEBUG] cheese - yyuyy
[2019-12-16T01:17:47.030] [DEBUG] cheese - null
[2019-12-16T01:17:47.030] [DEBUG] cheese - null
[2019-12-16T01:18:20.845] [DEBUG] cheese - login => username:admin,password:123456
[2019-12-16T01:18:20.845] [DEBUG] cheese - admin
[2019-12-16T01:18:20.849] [DEBUG] cheese - null
[2019-12-16T01:18:20.849] [DEBUG] cheese - null
[2019-12-16T01:25:36.215] [DEBUG] cheese - login => username:admin,password:123456
[2019-12-16T01:25:36.215] [DEBUG] cheese - admin
[2019-12-16T01:25:36.219] [DEBUG] cheese - null
[2019-12-16T01:25:36.219] [DEBUG] cheese - null
[2019-12-16T19:25:46.127] [DEBUG] cheese - login => username:admin,password:123456
[2019-12-16T19:25:46.129] [DEBUG] cheese - admin
[2019-12-16T19:25:46.180] [DEBUG] cheese - null
[2019-12-16T19:25:46.181] [DEBUG] cheese - null
[2019-12-16T22:02:48.102] [DEBUG] cheese - login => username:admin,password:123456
[2019-12-16T22:02:48.102] [DEBUG] cheese - admin
[2019-12-16T22:02:48.134] [DEBUG] cheese - null
[2019-12-16T22:02:48.134] [DEBUG] cheese - null
[2019-12-17T14:47:16.662] [DEBUG] cheese - login => username:admin,password:123456
[2019-12-17T14:47:16.662] [DEBUG] cheese - admin
[2019-12-17T14:47:16.693] [DEBUG] cheese - null
[2019-12-17T14:47:16.693] [DEBUG] cheese - null
[2019-12-17T16:02:13.069] [DEBUG] cheese - login => username:admin,password:123456
[2019-12-17T16:02:13.069] [DEBUG] cheese - admin
[2019-12-17T16:02:13.069] [DEBUG] cheese - null
[2019-12-17T16:02:13.069] [DEBUG] cheese - null
[2019-12-18T15:58:24.749] [DEBUG] cheese - login => username:admin,password:123456
[2019-12-18T15:58:24.749] [DEBUG] cheese - admin
[2019-12-18T15:58:24.780] [DEBUG] cheese - null
[2019-12-18T15:58:24.780] [DEBUG] cheese - null
[2019-12-18T17:43:34.653] [DEBUG] cheese - login => username:admin,password:123456
[2019-12-18T17:43:34.653] [DEBUG] cheese - admin
[2019-12-18T17:43:34.653] [DEBUG] cheese - null
[2019-12-18T17:43:34.653] [DEBUG] cheese - null
[2019-12-18T22:35:46.451] [DEBUG] cheese - null
[2019-12-19T17:18:40.506] [DEBUG] cheese - login => username:admin,password:123456
[2019-12-19T17:18:40.506] [DEBUG] cheese - admin
[2019-12-19T17:18:40.536] [DEBUG] cheese - null
[2019-12-19T17:18:40.536] [DEBUG] cheese - null
[2019-12-20T01:28:03.400] [DEBUG] cheese - login => username:admin,password:123456
[2019-12-20T01:28:03.400] [DEBUG] cheese - admin
[2019-12-20T01:28:03.406] [DEBUG] cheese - null
[2019-12-20T01:28:03.406] [DEBUG] cheese - null
[2019-12-20T17:31:55.996] [DEBUG] cheese - login => username:admin,password:123456
[2019-12-20T17:31:55.996] [DEBUG] cheese - admin
[2019-12-20T17:31:56.022] [DEBUG] cheese - null
[2019-12-20T17:31:56.022] [DEBUG] cheese - null
[2019-12-20T18:48:36.278] [DEBUG] cheese - null
[2019-12-21T14:20:46.247] [DEBUG] cheese - login => username:admin,password:123456
[2019-12-21T14:20:46.252] [DEBUG] cheese - admin
[2019-12-21T14:20:46.277] [DEBUG] cheese - null
[2019-12-21T14:20:46.277] [DEBUG] cheese - null
[2019-12-22T14:34:36.347] [DEBUG] cheese - login => username:admin,password:123456
[2019-12-22T14:34:36.347] [DEBUG] cheese - admin
[2019-12-22T14:34:36.362] [DEBUG] cheese - null
[2019-12-22T14:34:36.362] [DEBUG] cheese - null
[2019-12-23T01:28:58.764] [DEBUG] cheese - login => username:admin,password:123456
[2019-12-23T01:28:58.764] [DEBUG] cheese - admin
[2019-12-23T01:28:58.771] [DEBUG] cheese - null
[2019-12-23T01:28:58.771] [DEBUG] cheese - null
[2019-12-23T17:59:50.159] [DEBUG] cheese - login => username:admin,password:123456
[2019-12-23T17:59:50.159] [DEBUG] cheese - admin
[2019-12-23T17:59:50.237] [DEBUG] cheese - null
[2019-12-23T17:59:50.237] [DEBUG] cheese - null
[2019-12-23T19:15:35.456] [DEBUG] cheese - null
[2019-12-23T21:01:34.488] [DEBUG] cheese - null
[2019-12-23T21:02:17.988] [DEBUG] cheese - null
[2019-12-24T00:58:38.525] [DEBUG] cheese - login => username:admin,password:123456
[2019-12-24T00:58:38.525] [DEBUG] cheese - admin
[2019-12-24T00:58:38.525] [DEBUG] cheese - null
[2019-12-24T00:58:38.525] [DEBUG] cheese - null
[2019-12-24T01:07:52.702] [DEBUG] cheese - login => username:admin,password:123456
[2019-12-24T01:07:52.702] [DEBUG] cheese - admin
[2019-12-24T01:07:52.707] [DEBUG] cheese - null
[2019-12-24T01:07:52.707] [DEBUG] cheese - null
[2019-12-24T22:14:18.620] [DEBUG] cheese - login => username:admin,password:123456
[2019-12-24T22:14:18.620] [DEBUG] cheese - admin
[2019-12-24T22:14:18.635] [DEBUG] cheese - null
[2019-12-24T22:14:18.635] [DEBUG] cheese - null
[2019-12-24T22:48:12.451] [DEBUG] cheese - login => username:admin,password:123456
[2019-12-24T22:48:12.451] [DEBUG] cheese - admin
[2019-12-24T22:48:12.466] [DEBUG] cheese - null
[2019-12-24T22:48:12.466] [DEBUG] cheese - null
[2019-12-25T23:44:19.444] [DEBUG] cheese - login => username:admin,password:123456
[2019-12-25T23:44:19.445] [DEBUG] cheese - admin
[2019-12-25T23:44:19.465] [DEBUG] cheese - null
[2019-12-25T23:44:19.466] [DEBUG] cheese - null
[2019-12-26T14:58:38.846] [DEBUG] cheese - login => username:admin,password:123456
[2019-12-26T14:58:38.849] [DEBUG] cheese - admin
[2019-12-26T14:58:38.882] [DEBUG] cheese - null
[2019-12-26T14:58:38.885] [DEBUG] cheese - null
[2019-12-26T15:18:40.912] [DEBUG] cheese - login => username:admin,password:123456
[2019-12-26T15:18:40.913] [DEBUG] cheese - admin
[2019-12-26T15:18:40.919] [DEBUG] cheese - null
[2019-12-26T15:18:40.919] [DEBUG] cheese - null
[2019-12-27T19:16:33.251] [DEBUG] cheese - login => username:admin,password:123456
[2019-12-27T19:16:33.252] [DEBUG] cheese - admin
[2019-12-27T19:16:33.273] [DEBUG] cheese - null
[2019-12-27T19:16:33.275] [DEBUG] cheese - null
[2020-01-09T01:14:28.340] [DEBUG] cheese - login => username:admin,password:123456
[2020-01-09T01:14:28.343] [DEBUG] cheese - admin
[2020-01-09T01:14:28.370] [DEBUG] cheese - null
[2020-01-09T01:14:28.372] [DEBUG] cheese - null
[2020-01-09T19:51:45.577] [DEBUG] cheese - login => username:admin,password:123456
[2020-01-09T19:51:45.579] [DEBUG] cheese - admin
[2020-01-09T19:51:45.612] [DEBUG] cheese - null
[2020-01-09T19:51:45.613] [DEBUG] cheese - null
[2020-01-12T23:42:54.283] [DEBUG] cheese - login => username:admin,password:123456
[2020-01-12T23:42:54.286] [DEBUG] cheese - admin
[2020-01-12T23:42:54.333] [DEBUG] cheese - null
[2020-01-12T23:42:54.334] [DEBUG] cheese - null
[2020-01-13T01:17:03.933] [DEBUG] cheese - login => username:admin,password:123456
[2020-01-13T01:17:03.933] [DEBUG] cheese - admin
[2020-01-13T01:17:03.938] [DEBUG] cheese - null
[2020-01-13T01:17:03.938] [DEBUG] cheese - null
[2020-02-17T19:46:08.643] [DEBUG] cheese - login => username:admin,password:123456
[2020-02-17T19:46:08.645] [DEBUG] cheese - admin
[2020-02-17T19:46:08.670] [DEBUG] cheese - null
[2020-02-17T19:46:08.671] [DEBUG] cheese - null
[2020-02-17T21:20:05.454] [DEBUG] cheese - login => username:admin,password:123456
[2020-02-17T21:20:05.455] [DEBUG] cheese - admin
[2020-02-17T21:20:05.461] [DEBUG] cheese - null
[2020-02-17T21:20:05.462] [DEBUG] cheese - null
[2020-02-17T21:32:31.265] [DEBUG] cheese - login => username:admin,password:123456
[2020-02-17T21:32:31.268] [DEBUG] cheese - admin
[2020-02-17T21:32:31.276] [DEBUG] cheese - null
[2020-02-17T21:32:31.277] [DEBUG] cheese - null
